Site is Down -> http://www.sflcomputerguru.com
Site is Down -> http://www.albertoreyts.com
Site is Down -> http://www.cat5it.com
Site is Down -> http://www.compusmart.biz
Site is Down -> http://www.computechsnow.com
Site is Down -> http://www.egrettechnologies.com
Site is Down -> http://www.excellingservices.com
Site is Down -> http://www.hostflorida.net
Site is Down -> http://www.itrackrsystems.com
Site is Down -> http://www.jmcreativestudios.com
Site is Down -> http://www.laninfotech.com
Site is Down -> http://www.lasolastech.com
Site is Down -> http://www.mnitcommunications.com
Site is Down -> http://www.marinefuel.com
Site is Down -> http://www.mtek.tv
Site is Down -> http://www.delraybeachcomputers.com
Site is Down -> http://www.neuronicinsight.com/
Site is Down -> http://www.skyygraphix.com
Site is Down -> http://www.smallofficesolutions.com
Site is Down -> http://www.snology.com
Site is Down -> 
Site is Down -> http://www.apluscomputermedics.com
Site is Down -> http://www.aaaonsite.net
Site is Down -> http://www.absoluttech.com
Site is Down -> http://www.actinc.com
Site is Down -> http://www.advancedprogramtech.com
Site is Down -> http://www.adventcorp.com
Site is Down -> http://www.aeroenginetech.com
Site is Down -> 
Site is Down -> http://www.altimacomputer.com
Site is Down -> http://www.aola.com
Site is Down -> http://www.americanguttertech.com
Site is Down -> http://www.life-techsystems.com
Site is Down -> http://www.americantechnicalacademy.com
Site is Down -> http://www.americasoft.com
Site is Down -> http://www.atechn.com
Site is Down -> http://www.atlwebsol.com
Site is Down -> http://www.atssmartech.com
Site is Down -> http://www.bcwirelesstech.com
Site is Down -> http://www.bitsbytesmore.com
Site is Down -> http://www.biz-soft.com
Site is Down -> http://www.radiator-radtech.com
Site is Down -> 
Site is Down -> http://www.cendyn.com
Site is Down -> http://www.chemsolt.com
Site is Down -> http://www.ciphertpc.com
Site is Down -> http://www.citrinetech.com
Site is Down -> http://www.comparewebresellers.com
Site is Down -> 
Site is Down -> http://www.cmeconsulting.net
Site is Down -> http://www.computertrack.com
Site is Down -> http://www.cyberguard.com
Site is Down -> http://www.datachoicecorp.com
Site is Down -> http://dataloomsolutions.com
Site is Down -> http://www.compradorvirtual.com
Site is Down -> http://www.dazoneusa.com
Site is Down -> http://www.dbicwebhosting.com
Site is Down -> http://www.dmni.com
Site is Down -> http://www.durtech.net
Site is Down -> http://www.ebiz-tec.com
Site is Down -> http://www.ezcomputertraining.com
Site is Down -> http://ecommerce-list.com
Site is Down -> http://www.edataforensic.com
Site is Down -> http://www.globalinsurancetech.com
Site is Down -> http://www.econonethosting.com
Site is Down -> http://www.entechnologies.com
Site is Down -> http://www.ewarttechnologies.com
Site is Down -> http://www.excelwater.com
Site is Down -> http://www.exoticsolutions.net
Site is Down -> http://www.exportech.net
Site is Down -> http://www.fisoftwaresolutions.com
Site is Down -> http://www.fasttracsoftware.com
Site is Down -> http://www.fdpcorp.com
Site is Down -> http://www.firsthandsoft.com
Site is Down -> http://www.focussofttechltd.com
Site is Down -> http://www.fomcomputers.com
Site is Down -> 
Site is Down -> http://www.gettechusa.com
Site is Down -> 
Site is Down -> http://globaltriad.net
Site is Down -> http://www.globaltechinternet.com
Site is Down -> http://www.globaltechmerchant.com
Site is Down -> http://www.graphicdata.com
Site is Down -> http://www.h2ocomputertech.net
Site is Down -> http://www.hammerheadsoftware.com
Site is Down -> http://www.hi-techcar.com
Site is Down -> http://www.hi-techcustomseats.com
Site is Down -> http://www.hightechenviro.com
Site is Down -> http://www.hpwebtech.com
Site is Down -> http://www.htxtech.com
Site is Down -> http://www.ide-swro.com
Site is Down -> http://www.webhosting-usa.com
Site is Down -> 
Site is Down -> http://www.infornic.com
Site is Down -> http://www.itsgusa.com
Site is Down -> http://www.inter-telsouthflorida.com
Site is Down -> http://www.interactivemt.com
Site is Down -> http://www.intransitmedia.com
Site is Down -> http://www.isleuthhound.com
Site is Down -> http://www.jtechcomputing.com
Site is Down -> http://www.jvtech.biz
Site is Down -> http://www.kalintechnology.com
Site is Down -> http://www.kodata.com
Site is Down -> http://www.lp-digital.com
Site is Down -> 
Site is Down -> http://www.lifthost.com
Site is Down -> http://www.logrosoft.com
Site is Down -> http://www.lowridertechnology.com
Site is Down -> http://www.massbizonline.com
Site is Down -> http://www.manictechracing.com
Site is Down -> http://www.mendezation-mendezol.net
Site is Down -> http://www.mercure-tech.com
Site is Down -> http://www.miamiwebgroup.com
Site is Down -> http://www.mds-corp.com
Site is Down -> http://www.milleditors.com
Site is Down -> http://www.mkg-tech.com
Site is Down -> http://www.mnemotech.org
Site is Down -> http://www.moorecomputerconsultants.com
Site is Down -> http://www.mtscs.com
Site is Down -> http://www.mujica.com
Site is Down -> http://www.nametech.com
Site is Down -> http://www.next-technology.com
Site is Down -> http://www.nunez-technology.com
Site is Down -> http://www.oci-tech.com
Site is Down -> http://www.omnipilot.com
Site is Down -> http://www.opengatelatam.com
Site is Down -> http://www.opnetint.com
Site is Down -> http://www.palm-ht.com
Site is Down -> http://www.peace.com
Site is Down -> http://www.peopleschoicecomputers.com
Site is Down -> http://www.phaseonecomputing.com
Site is Down -> http://www.posatech.com
Site is Down -> http://www.precisioncomputersupply.com
Site is Down -> http://www.puritychemical.com
Site is Down -> http://www.qualitycomputersfl.com
Site is Down -> http://www.qualitytechinternational.com
Site is Down -> http://www.rrcomputerrepair.com
Site is Down -> http://www.railstent.com
Site is Down -> http://www.raisontechnologies.com
Site is Down -> http://www.reliantcorporate.com
Site is Down -> http://replace-ftp.com
Site is Down -> http://www.rgbhightech.com
Site is Down -> http://www.rtz.com
Site is Down -> http://www.sabacomputerconsulting.com
Site is Down -> http://www.myselah.com
Site is Down -> http://www.solisdatacom.com
Site is Down -> http://www.southfloridatech100.com
Site is Down -> http://southfloridatechnologies.com
Site is Down -> http://www.srdt.com
Site is Down -> http://www.spectrapathtech.com
Site is Down -> 
Site is Down -> http://www.squawksoftware.com
Site is Down -> http://www.sui-technology.com
Site is Down -> http://www.compubrasusa.com
Site is Down -> http://www.sunshinets.com
Site is Down -> http://www.supertechcomp.net
Site is Down -> http://www.synergistixdata.com
Site is Down -> http://www.syntech-bioresearch.com
Site is Down -> http://www.systemdataresource.com
Site is Down -> http://www.tangledspider.com
Site is Down -> 
Site is Down -> http://www.techgalaxy.org
Site is Down -> http://www.tech-logistics-support.com
Site is Down -> http://www.techinapinch.com
Site is Down -> http://www.techlawcounsel.com
Site is Down -> http://www.technisource.com
Site is Down -> http://www.technoforest.com
Site is Down -> http://www.technotreeusa.com
Site is Down -> http://www.technoserf.com
Site is Down -> http://www.techqwest.com
Site is Down -> http://www.techtura.com
Site is Down -> http://www.techuspack.com
Site is Down -> http://www.terratechsystems.com
Site is Down -> http://www.ti-tech.net
Site is Down -> http://www.totalinfocomputers.com
Site is Down -> 
Site is Down -> http://www.traderssoftware.com
Site is Down -> http://unitechdiagnostic.com
Site is Down -> http://www.uptechdistributors.com
Site is Down -> http://www.ustechnologypartners.com
Site is Down -> http://www.useful-technology.com
Site is Down -> http://www.vtgmed.com
Site is Down -> http://www.varisystech.com
Site is Down -> http://www.veizaga-partners.com
Site is Down -> http://www.visualwebdesignz.com
Site is Down -> http://www.webafg.com
Site is Down -> http://www.webclickconcepts.com
Site is Down -> http://www.webhotleads.com
Site is Down -> http://www.webmarkcorp.com
Site is Down -> http://www.websupdoc.com
Site is Down -> http://www.website-design-promotion.com
Site is Down -> http://www.websitehosting-usa.com
Site is Down -> 
Site is Down -> http://www.webunited.net
Site is Down -> 
Site is Down -> http://www.xerixsoft.com
